Removed Pin From Net: NetName=LED_8 Pin=D1-1
Removed Pin From Net: NetName=LED_9 Pin=D1-2
Removed Pin From Net: NetName=LED_2 Pin=D1-8
Removed Pin From Net: NetName=LED_3 Pin=D1-9
Removed Pin From Net: NetName=LED_7 Pin=D1-10
Removed Pin From Net: NetName=LED_6 Pin=D1-11
Removed Pin From Net: NetName=LED_4 Pin=D1-13
Removed Pin From Net: NetName=LED_5 Pin=D1-14
Removed Pin From Net: NetName=LED_1 Pin=D1-15
Removed Pin From Net: NetName=LED_0 Pin=D1-16
Removed Pin From Net: NetName=LED_A1 Pin=V1-1
Removed Pin From Net: NetName=LED_A2 Pin=V3-1
Removed Pin From Net: NetName=LED_A4 Pin=V4-1
Removed Pin From Net: NetName=LED_0 Pin=X1-1
Removed Pin From Net: NetName=LED_9 Pin=X1-2
Removed Pin From Net: NetName=LED_8 Pin=X1-3
Removed Pin From Net: NetName=LED_7 Pin=X1-4
Removed Pin From Net: NetName=LED_6 Pin=X1-5
Removed Pin From Net: NetName=LED_5 Pin=X1-6
Removed Pin From Net: NetName=LED_4 Pin=X1-7
Removed Pin From Net: NetName=LED_3 Pin=X1-8
Removed Pin From Net: NetName=LED_2 Pin=X1-9
Removed Pin From Net: NetName=LED_1 Pin=X1-10
Removed Pin From Net: NetName=LED_DT Pin=X1-11
Removed Pin From Net: NetName=LED_A1 Pin=X2-12
Removed Pin From Net: NetName=LED_A2 Pin=X2-13
Removed Pin From Net: NetName=LED_A3 Pin=X2-14
Removed Pin From Net: NetName=LED_A4 Pin=X2-15
Change Net Name : Old Net Name=LED_0 New Net Name=LED_0_2
Change Net Name : Old Net Name=LED_1 New Net Name=LED_1_2
Change Net Name : Old Net Name=LED_2 New Net Name=LED_2_2
Change Net Name : Old Net Name=LED_3 New Net Name=LED_3_2
Change Net Name : Old Net Name=LED_4 New Net Name=LED_4_2
Change Net Name : Old Net Name=LED_5 New Net Name=LED_5_2
Change Net Name : Old Net Name=LED_6 New Net Name=LED_6_2
Change Net Name : Old Net Name=LED_7 New Net Name=LED_7_2
Change Net Name : Old Net Name=LED_8 New Net Name=LED_8_2
Change Net Name : Old Net Name=LED_9 New Net Name=LED_9_2
Change Net Name : Old Net Name=LED_DT New Net Name=LED_DT_2
Added Pin To Net: NetName=LED_0 Pin=D1-16
Added Pin To Net: NetName=LED_0 Pin=X1-1
Added Net: Name=LED_0
Added Pin To Net: NetName=LED_1 Pin=D1-15
Added Pin To Net: NetName=LED_1 Pin=X1-10
Added Net: Name=LED_1
Added Pin To Net: NetName=LED_2 Pin=D1-8
Added Pin To Net: NetName=LED_2 Pin=X1-9
Added Net: Name=LED_2
Added Pin To Net: NetName=LED_3 Pin=D1-9
Added Pin To Net: NetName=LED_3 Pin=X1-8
Added Net: Name=LED_3
Added Pin To Net: NetName=LED_4 Pin=D1-13
Added Pin To Net: NetName=LED_4 Pin=X1-7
Added Net: Name=LED_4
Added Pin To Net: NetName=LED_5 Pin=D1-14
Added Pin To Net: NetName=LED_5 Pin=X1-6
Added Net: Name=LED_5
Added Pin To Net: NetName=LED_6 Pin=D1-11
Added Pin To Net: NetName=LED_6 Pin=X1-5
Added Net: Name=LED_6
Added Pin To Net: NetName=LED_7 Pin=D1-10
Added Pin To Net: NetName=LED_7 Pin=X1-4
Added Net: Name=LED_7
Added Pin To Net: NetName=LED_8 Pin=D1-1
Added Pin To Net: NetName=LED_8 Pin=X1-3
Added Net: Name=LED_8
Added Pin To Net: NetName=LED_9 Pin=D1-2
Added Pin To Net: NetName=LED_9 Pin=X1-2
Added Net: Name=LED_9
Added Pin To Net: NetName=LED_A1_2 Pin=V1-1
Added Pin To Net: NetName=LED_A1_2 Pin=X2-12
Added Net: Name=LED_A1_2
Added Pin To Net: NetName=LED_A2_2 Pin=V3-1
Added Pin To Net: NetName=LED_A2_2 Pin=X2-13
Added Net: Name=LED_A2_2
Added Pin To Net: NetName=LED_A3_2 Pin=X2-14
Added Net: Name=LED_A3_2
Added Pin To Net: NetName=LED_A4_2 Pin=V4-1
Added Pin To Net: NetName=LED_A4_2 Pin=X2-15
Added Net: Name=LED_A4_2
Added Pin To Net: NetName=LED_DT Pin=X1-11
Added Net: Name=LED_DT
