Added Net: Name=1
Added Net: Name=2
Added Net: Name=3
Added Net: Name=3V3
Added Net: Name=4
Added Net: Name=5
Added Net: Name=5V
Added Net: Name=6
Added Net: Name=7
Added Net: Name=8
Added Net: Name=9
Added Net: Name=10
Added Net: Name=11
Added Net: Name=12
Added Net: Name=180V
Added Net: Name=ANOD1
Added Net: Name=ANOD2
Added Net: Name=ANOD3
Added Net: Name=ANOD4
Added Net: Name=BUT1
Added Net: Name=BUT2
Added Net: Name=BUT3
Added Net: Name=CATH1
Added Net: Name=CATH2
Added Net: Name=CATH3
Added Net: Name=CATH4
Added Net: Name=CATH5
Added Net: Name=CATH6
Added Net: Name=CATH7
Added Net: Name=CATH8
Added Net: Name=CATH9
Added Net: Name=CATH10
Added Net: Name=CATH11
Added Net: Name=CATH12
Added Net: Name=CLK
Added Net: Name=DIO
Added Net: Name=GND
Added Net: Name=ISO5V
Added Net: Name=ISOGND
Added Net: Name=LED_0
Added Net: Name=LED_1
Added Net: Name=LED_2
Added Net: Name=LED_3
Added Net: Name=LED_4
Added Net: Name=LED_5
Added Net: Name=LED_6
Added Net: Name=LED_7
Added Net: Name=LED_8
Added Net: Name=LED_9
Added Net: Name=LED_A1
Added Net: Name=LED_A2
Added Net: Name=LED_A3
Added Net: Name=LED_A4
Added Net: Name=LED_DT
Added Net: Name=LED
Added Net: Name=NetC?_2
Added Net: Name=NetDD1_2
Added Net: Name=NetDD1_4
Added Net: Name=NetDD?_44
Added Net: Name=NetHL1_1
Added Net: Name=NetL1_2
Added Net: Name=NetR3_2
Added Net: Name=NetR4_2
Added Net: Name=NetR5_2
Added Net: Name=NetR6_2
Added Net: Name=NetR7_2
Added Net: Name=NetR8_2
Added Net: Name=NetR9_2
Added Net: Name=NetR10_2
Added Net: Name=NetR11_2
Added Net: Name=NetR12_2
Added Net: Name=NetR13_2
Added Net: Name=NetR14_2
Added Net: Name=NetR15_1
Added Net: Name=NetR16_2
Added Net: Name=NRST
Added Net: Name=OPT1
Added Net: Name=OPT2
Added Net: Name=OPT3
Added Net: Name=OPT4
Added Net: Name=PWM
Added Net: Name=U_RX
Added Net: Name=U_TX
Added Net: Name=VBAT
Added Class: Name=Sheet1
Added Class: Name=Sheet2
Added Room: Name=Sheet1
Added Room: Name=Sheet2
