Removed Pin From Net: NetName=PIN20 Pin=C5-1
Removed Pin From Net: NetName=PIN20 Pin=C6-1
Removed Pin From Net: NetName=PIN20 Pin=C10-1
Removed Pin From Net: NetName=NRST Pin=C10-2
Removed Pin From Net: NetName=PIN20 Pin=C12-1
Removed Pin From Net: NetName=3V3 Pin=C12-2
Removed Pin From Net: NetName=PIN20 Pin=C13-1
Removed Pin From Net: NetName=3V3 Pin=C13-2
Removed Pin From Net: NetName=PIN20 Pin=C14-1
Removed Pin From Net: NetName=3V3 Pin=C14-2
Removed Pin From Net: NetName=VBAT Pin=DD6-1
Removed Pin From Net: NetName=LED Pin=DD6-2
Removed Pin From Net: NetName=NRST Pin=DD6-7
Removed Pin From Net: NetName=PIN20 Pin=DD6-8
Removed Pin From Net: NetName=3V3 Pin=DD6-9
Removed Pin From Net: NetName=OPT4 Pin=DD6-10
Removed Pin From Net: NetName=OPT3 Pin=DD6-11
Removed Pin From Net: NetName=OPT2 Pin=DD6-12
Removed Pin From Net: NetName=OPT1 Pin=DD6-13
Removed Pin From Net: NetName=CATH3 Pin=DD6-14
Removed Pin From Net: NetName=CATH4 Pin=DD6-15
Removed Pin From Net: NetName=PIN16 Pin=DD6-16
Removed Pin From Net: NetName=BUT2 Pin=DD6-17
Removed Pin From Net: NetName=BUT3 Pin=DD6-18
Removed Pin From Net: NetName=BUT1 Pin=DD6-19
Removed Pin From Net: NetName=PIN20 Pin=DD6-20
Removed Pin From Net: NetName=PIN21 Pin=DD6-21
Removed Pin From Net: NetName=PIN22 Pin=DD6-22
Removed Pin From Net: NetName=PIN20 Pin=DD6-23
Removed Pin From Net: NetName=3V3 Pin=DD6-24
Removed Pin From Net: NetName=CATH2 Pin=DD6-25
Removed Pin From Net: NetName=U_TX Pin=DD6-30
Removed Pin From Net: NetName=U_RX Pin=DD6-31
Removed Pin From Net: NetName=CATH1 Pin=DD6-32
Removed Pin From Net: NetName=PA12 Pin=DD6-33
Removed Pin From Net: NetName=DIO Pin=DD6-34
Removed Pin From Net: NetName=PIN20 Pin=DD6-35
Removed Pin From Net: NetName=3V3 Pin=DD6-36
Removed Pin From Net: NetName=CLK Pin=DD6-37
Removed Pin From Net: NetName=PWM Pin=DD6-40
Removed Pin From Net: NetName=PIN45 Pin=DD6-45
Removed Pin From Net: NetName=PIN46 Pin=DD6-46
Removed Pin From Net: NetName=PIN20 Pin=DD6-47
Removed Pin From Net: NetName=3V3 Pin=DD6-48
Removed Pin From Net: NetName=PIN20 Pin=R13-2
Removed Pin From Net: NetName=3V3 Pin=R14-2
Removed Pin From Net: NetName=NRST Pin=R15-1
Removed Pin From Net: NetName=3V3 Pin=R15-2
Removed Member From Class: ClassName=Sheet1 Member=C5
Removed Member From Class: ClassName=Sheet1 Member=C6
Removed Member From Class: ClassName=Sheet1 Member=C10
Removed Member From Class: ClassName=Sheet1 Member=C12
Removed Member From Class: ClassName=Sheet1 Member=C13
Removed Member From Class: ClassName=Sheet1 Member=C14
Removed Member From Class: ClassName=Sheet1 Member=DD6
Removed Member From Class: ClassName=Sheet1 Member=R13
Removed Member From Class: ClassName=Sheet1 Member=R14
Removed Member From Class: ClassName=Sheet1 Member=R15
Removed Member From Class: ClassName=Sheet1 Member=ZQ1
Added Room: Name=Sheet1
