Added Component: Designator=C5(CAPASITOR R10)
Added Component: Designator=DD1(SOP-4W)
Added Component: Designator=DD2(SOP-4W)
Added Component: Designator=DD3(SOP-4W)
Added Component: Designator=DD4(SOP-4W)
Added Component: Designator=DD5(LQFP-48)
Added Component: Designator=G1(R1SE-0505)
Added Component: Designator=HL1(LED 0603)
Added Component: Designator=IN1(IN-16)
Added Component: Designator=IN2(IN-16)
Added Component: Designator=IN3(IN-16)
Added Component: Designator=IN4(IN-16)
Added Component: Designator=L1(SRR0603B)
Added Component: Designator=R1(RESISTOR 0603)
Added Component: Designator=R2(RESISTOR 0603)
Added Component: Designator=R3(RESISTOR 0603)
Added Component: Designator=R4(RESISTOR 0603)
Added Component: Designator=R5(RESISTOR 0603)
Added Component: Designator=R6(RESISTOR 0603)
Added Component: Designator=R7(RESISTOR 0603)
Added Component: Designator=R8(RESISTOR 0603)
Added Component: Designator=R9(RESISTOR 0603)
Added Component: Designator=R10(RESISTOR 0603)
Added Component: Designator=R11(RESISTOR 0603)
Added Component: Designator=R12(RESISTOR 0603)
Added Component: Designator=R13(RESISTOR 0603)
Added Component: Designator=R14(RESISTOR 0603)
Added Component: Designator=R15(RESISTOR 0603)
Added Component: Designator=R16(RESISTOR 0603)
Added Component: Designator=R17(RESISTOR 0805)
Added Component: Designator=R18(RESISTOR 0603)
Added Component: Designator=R19(RESISTOR 0603)
Added Component: Designator=R20(RESISTOR 0603)
Added Component: Designator=R21(RESISTOR 0603)
Added Component: Designator=R22(RESISTOR 0603)
Added Component: Designator=R23(RESISTOR 1206)
Added Component: Designator=R24(RESISTOR 1206)
Added Component: Designator=R25(RESISTOR 0603)
Added Component: Designator=R26(RESISTOR 0603)
Added Component: Designator=R27(RESISTOR 0603)
Added Component: Designator=R28(RESISTOR 0603)
Added Component: Designator=R29(RESISTOR 0603)
Added Component: Designator=R30(RESISTOR 0603)
Added Component: Designator=R31(JAMP 0603)
Added Component: Designator=SB1(BUTTON-R)
Added Component: Designator=SB2(BUTTON-R)
Added Component: Designator=SB3(BUTTON-R)
Added Component: Designator=U1(SOT23-5)
Added Component: Designator=V1(DIODE: IN-12)
Added Component: Designator=V2(DIODE: IN-12)
Added Component: Designator=V3(DIODE: IN-12)
Added Component: Designator=V4(DIODE: IN-12)
Added Component: Designator=VD1(DO-214)
Added Component: Designator=VT14(DPAK)
Added Component: Designator=XP1(USB-mini)
Added Component: Designator=XP2(PLS-4)
Added Component: Designator=XP3(CR2032)
Added Component: Designator=XP4(PLS-4)
Added Component: Designator=ZQ1(SMD08038C4)
Added Pin To Net: NetName=1 Pin=IN1-2
Added Pin To Net: NetName=1 Pin=IN2-2
Added Pin To Net: NetName=1 Pin=IN3-2
Added Pin To Net: NetName=1 Pin=IN4-2
Added Net: Name=1
Added Pin To Net: NetName=2 Pin=IN1-3
Added Pin To Net: NetName=2 Pin=IN2-3
Added Pin To Net: NetName=2 Pin=IN3-3
Added Pin To Net: NetName=2 Pin=IN4-3
Added Net: Name=2
Added Pin To Net: NetName=3 Pin=IN1-4
Added Pin To Net: NetName=3 Pin=IN2-4
Added Pin To Net: NetName=3 Pin=IN3-4
Added Pin To Net: NetName=3 Pin=IN4-4
Added Net: Name=3
Added Pin To Net: NetName=3V3 Pin=DD5-9
Added Pin To Net: NetName=3V3 Pin=DD5-24
Added Pin To Net: NetName=3V3 Pin=DD5-36
Added Pin To Net: NetName=3V3 Pin=DD5-48
Added Pin To Net: NetName=3V3 Pin=HL1-2
Added Pin To Net: NetName=3V3 Pin=R18-2
Added Pin To Net: NetName=3V3 Pin=R20-2
Added Pin To Net: NetName=3V3 Pin=R21-2
Added Pin To Net: NetName=3V3 Pin=R22-2
Added Pin To Net: NetName=3V3 Pin=R30-1
Added Pin To Net: NetName=3V3 Pin=U1-5
Added Pin To Net: NetName=3V3 Pin=XP2-1
Added Net: Name=3V3
Added Pin To Net: NetName=4 Pin=IN1-5
Added Pin To Net: NetName=4 Pin=IN2-5
Added Pin To Net: NetName=4 Pin=IN3-5
Added Pin To Net: NetName=4 Pin=IN4-5
Added Net: Name=4
Added Pin To Net: NetName=5 Pin=IN1-6
Added Pin To Net: NetName=5 Pin=IN2-6
Added Pin To Net: NetName=5 Pin=IN3-6
Added Pin To Net: NetName=5 Pin=IN4-6
Added Net: Name=5
Added Pin To Net: NetName=5V Pin=G1-5
Added Pin To Net: NetName=5V Pin=L1-1
Added Pin To Net: NetName=5V Pin=R16-1
Added Pin To Net: NetName=5V Pin=R24-2
Added Pin To Net: NetName=5V Pin=R25-1
Added Pin To Net: NetName=5V Pin=U1-1
Added Pin To Net: NetName=5V Pin=U1-3
Added Pin To Net: NetName=5V Pin=XP4-1
Added Net: Name=5V
Added Pin To Net: NetName=6 Pin=IN1-7
Added Pin To Net: NetName=6 Pin=IN2-7
Added Pin To Net: NetName=6 Pin=IN3-7
Added Pin To Net: NetName=6 Pin=IN4-7
Added Net: Name=6
Added Pin To Net: NetName=7 Pin=IN1-8
Added Pin To Net: NetName=7 Pin=IN2-8
Added Pin To Net: NetName=7 Pin=IN3-8
Added Pin To Net: NetName=7 Pin=IN4-8
Added Net: Name=7
Added Pin To Net: NetName=8 Pin=IN1-9
Added Pin To Net: NetName=8 Pin=IN2-9
Added Pin To Net: NetName=8 Pin=IN3-9
Added Pin To Net: NetName=8 Pin=IN4-9
Added Net: Name=8
Added Pin To Net: NetName=9 Pin=IN1-10
Added Pin To Net: NetName=9 Pin=IN2-10
Added Pin To Net: NetName=9 Pin=IN3-10
Added Pin To Net: NetName=9 Pin=IN4-10
Added Net: Name=9
Added Pin To Net: NetName=10 Pin=IN1-11
Added Pin To Net: NetName=10 Pin=IN2-11
Added Pin To Net: NetName=10 Pin=IN3-11
Added Pin To Net: NetName=10 Pin=IN4-11
Added Net: Name=10
Added Pin To Net: NetName=11 Pin=IN1-12
Added Pin To Net: NetName=11 Pin=IN2-12
Added Pin To Net: NetName=11 Pin=IN3-12
Added Pin To Net: NetName=11 Pin=IN4-12
Added Net: Name=11
Added Pin To Net: NetName=12 Pin=IN1-13
Added Pin To Net: NetName=12 Pin=IN2-13
Added Pin To Net: NetName=12 Pin=IN3-13
Added Pin To Net: NetName=12 Pin=IN4-13
Added Net: Name=12
Added Pin To Net: NetName=180V Pin=C5-1
Added Pin To Net: NetName=180V Pin=R2-2
Added Pin To Net: NetName=180V Pin=R17-2
Added Pin To Net: NetName=180V Pin=VD1-1
Added Net: Name=180V
Added Pin To Net: NetName=ANOD1 Pin=DD1-3
Added Pin To Net: NetName=ANOD1 Pin=IN1-1
Added Pin To Net: NetName=ANOD1 Pin=R26-2
Added Net: Name=ANOD1
Added Pin To Net: NetName=ANOD2 Pin=DD2-3
Added Pin To Net: NetName=ANOD2 Pin=IN2-1
Added Pin To Net: NetName=ANOD2 Pin=R27-2
Added Net: Name=ANOD2
Added Pin To Net: NetName=ANOD3 Pin=DD3-3
Added Pin To Net: NetName=ANOD3 Pin=IN3-1
Added Pin To Net: NetName=ANOD3 Pin=R28-2
Added Net: Name=ANOD3
Added Pin To Net: NetName=ANOD4 Pin=DD4-3
Added Pin To Net: NetName=ANOD4 Pin=IN4-1
Added Pin To Net: NetName=ANOD4 Pin=R29-2
Added Net: Name=ANOD4
Added Pin To Net: NetName=BUT1 Pin=DD5-19
Added Pin To Net: NetName=BUT1 Pin=R18-1
Added Pin To Net: NetName=BUT1 Pin=SB1-1
Added Net: Name=BUT1
Added Pin To Net: NetName=BUT2 Pin=DD5-17
Added Pin To Net: NetName=BUT2 Pin=R20-1
Added Pin To Net: NetName=BUT2 Pin=SB2-1
Added Net: Name=BUT2
Added Pin To Net: NetName=BUT3 Pin=DD5-18
Added Pin To Net: NetName=BUT3 Pin=R21-1
Added Pin To Net: NetName=BUT3 Pin=SB3-1
Added Net: Name=BUT3
Added Pin To Net: NetName=CATH1 Pin=DD5-32
Added Pin To Net: NetName=CATH1 Pin=R3-1
Added Net: Name=CATH1
Added Pin To Net: NetName=CATH2 Pin=DD5-27
Added Pin To Net: NetName=CATH2 Pin=R9-1
Added Net: Name=CATH2
Added Pin To Net: NetName=CATH3 Pin=DD5-14
Added Pin To Net: NetName=CATH3 Pin=R4-1
Added Net: Name=CATH3
Added Pin To Net: NetName=CATH4 Pin=DD5-15
Added Pin To Net: NetName=CATH4 Pin=R10-1
Added Net: Name=CATH4
Added Pin To Net: NetName=CATH5 Pin=DD5-28
Added Pin To Net: NetName=CATH5 Pin=R5-1
Added Net: Name=CATH5
Added Pin To Net: NetName=CATH6 Pin=DD5-16
Added Pin To Net: NetName=CATH6 Pin=R11-1
Added Net: Name=CATH6
Added Pin To Net: NetName=CATH7 Pin=DD5-25
Added Pin To Net: NetName=CATH7 Pin=R6-1
Added Net: Name=CATH7
Added Pin To Net: NetName=CATH8 Pin=DD5-33
Added Pin To Net: NetName=CATH8 Pin=R12-1
Added Net: Name=CATH8
Added Pin To Net: NetName=CATH9 Pin=DD5-21
Added Pin To Net: NetName=CATH9 Pin=R7-1
Added Net: Name=CATH9
Added Pin To Net: NetName=CATH10 Pin=DD5-22
Added Pin To Net: NetName=CATH10 Pin=R13-1
Added Net: Name=CATH10
Added Pin To Net: NetName=CATH11 Pin=DD5-26
Added Pin To Net: NetName=CATH11 Pin=R8-1
Added Net: Name=CATH11
Added Pin To Net: NetName=CATH12 Pin=DD5-29
Added Pin To Net: NetName=CATH12 Pin=R14-1
Added Net: Name=CATH12
Added Pin To Net: NetName=CLK Pin=DD5-37
Added Pin To Net: NetName=CLK Pin=XP2-3
Added Net: Name=CLK
Added Pin To Net: NetName=DIO Pin=DD5-34
Added Pin To Net: NetName=DIO Pin=XP2-2
Added Net: Name=DIO
Added Pin To Net: NetName=GND Pin=C5-2
Added Pin To Net: NetName=GND Pin=DD5-8
Added Pin To Net: NetName=GND Pin=DD5-20
Added Pin To Net: NetName=GND Pin=DD5-23
Added Pin To Net: NetName=GND Pin=DD5-35
Added Pin To Net: NetName=GND Pin=DD5-47
Added Pin To Net: NetName=GND Pin=G1-4
Added Pin To Net: NetName=GND Pin=R1-1
Added Pin To Net: NetName=GND Pin=R17-1
Added Pin To Net: NetName=GND Pin=R23-2
Added Pin To Net: NetName=GND Pin=R26-1
Added Pin To Net: NetName=GND Pin=R27-1
Added Pin To Net: NetName=GND Pin=R28-1
Added Pin To Net: NetName=GND Pin=R29-1
Added Pin To Net: NetName=GND Pin=R31-1
Added Pin To Net: NetName=GND Pin=SB1-2
Added Pin To Net: NetName=GND Pin=SB2-2
Added Pin To Net: NetName=GND Pin=SB3-2
Added Pin To Net: NetName=GND Pin=U1-2
Added Pin To Net: NetName=GND Pin=VT14-2
Added Pin To Net: NetName=GND Pin=XP2-4
Added Pin To Net: NetName=GND Pin=XP3-2
Added Pin To Net: NetName=GND Pin=XP4-4
Added Net: Name=GND
Added Pin To Net: NetName=ISO5V Pin=G1-2
Added Pin To Net: NetName=ISO5V Pin=R24-1
Added Pin To Net: NetName=ISO5V Pin=XP1-1
Added Net: Name=ISO5V
Added Pin To Net: NetName=ISOGND Pin=G1-1
Added Pin To Net: NetName=ISOGND Pin=R23-1
Added Pin To Net: NetName=ISOGND Pin=XP1-5
Added Net: Name=ISOGND
Added Pin To Net: NetName=LED Pin=DD5-2
Added Pin To Net: NetName=LED Pin=R19-1
Added Net: Name=LED
Added Pin To Net: NetName=NetC6_2 Pin=DD5-3
Added Pin To Net: NetName=NetC6_2 Pin=ZQ1-1
Added Net: Name=NetC6_2
Added Pin To Net: NetName=NetC8_2 Pin=DD5-4
Added Pin To Net: NetName=NetC8_2 Pin=ZQ1-4
Added Net: Name=NetC8_2
Added Pin To Net: NetName=NetDD1_2 Pin=DD1-2
Added Pin To Net: NetName=NetDD1_2 Pin=DD2-2
Added Pin To Net: NetName=NetDD1_2 Pin=DD3-2
Added Pin To Net: NetName=NetDD1_2 Pin=DD4-2
Added Pin To Net: NetName=NetDD1_2 Pin=R1-2
Added Net: Name=NetDD1_2
Added Pin To Net: NetName=NetDD1_4 Pin=DD1-4
Added Pin To Net: NetName=NetDD1_4 Pin=DD2-4
Added Pin To Net: NetName=NetDD1_4 Pin=DD3-4
Added Pin To Net: NetName=NetDD1_4 Pin=DD4-4
Added Pin To Net: NetName=NetDD1_4 Pin=R2-1
Added Net: Name=NetDD1_4
Added Pin To Net: NetName=NetDD5_44 Pin=DD5-44
Added Pin To Net: NetName=NetDD5_44 Pin=R30-2
Added Pin To Net: NetName=NetDD5_44 Pin=R31-2
Added Net: Name=NetDD5_44
Added Pin To Net: NetName=NetHL1_1 Pin=HL1-1
Added Pin To Net: NetName=NetHL1_1 Pin=R19-2
Added Net: Name=NetHL1_1
Added Pin To Net: NetName=NetL1_2 Pin=L1-2
Added Pin To Net: NetName=NetL1_2 Pin=VD1-2
Added Pin To Net: NetName=NetL1_2 Pin=VT14-3
Added Net: Name=NetL1_2
Added Pin To Net: NetName=NetR3_2 Pin=R3-2
Added Net: Name=NetR3_2
Added Pin To Net: NetName=NetR4_2 Pin=R4-2
Added Net: Name=NetR4_2
Added Pin To Net: NetName=NetR5_2 Pin=R5-2
Added Net: Name=NetR5_2
Added Pin To Net: NetName=NetR6_2 Pin=R6-2
Added Net: Name=NetR6_2
Added Pin To Net: NetName=NetR7_2 Pin=R7-2
Added Net: Name=NetR7_2
Added Pin To Net: NetName=NetR8_2 Pin=R8-2
Added Net: Name=NetR8_2
Added Pin To Net: NetName=NetR9_2 Pin=R9-2
Added Net: Name=NetR9_2
Added Pin To Net: NetName=NetR10_2 Pin=R10-2
Added Net: Name=NetR10_2
Added Pin To Net: NetName=NetR11_2 Pin=R11-2
Added Net: Name=NetR11_2
Added Pin To Net: NetName=NetR12_2 Pin=R12-2
Added Net: Name=NetR12_2
Added Pin To Net: NetName=NetR13_2 Pin=R13-2
Added Net: Name=NetR13_2
Added Pin To Net: NetName=NetR14_2 Pin=R14-2
Added Net: Name=NetR14_2
Added Pin To Net: NetName=NetR15_1 Pin=R15-1
Added Pin To Net: NetName=NetR15_1 Pin=R25-2
Added Net: Name=NetR15_1
Added Pin To Net: NetName=NetR16_2 Pin=R16-2
Added Pin To Net: NetName=NetR16_2 Pin=VT14-1
Added Net: Name=NetR16_2
Added Pin To Net: NetName=NRST Pin=DD5-7
Added Pin To Net: NetName=NRST Pin=R22-1
Added Net: Name=NRST
Added Pin To Net: NetName=OPT1 Pin=DD1-1
Added Pin To Net: NetName=OPT1 Pin=DD5-13
Added Net: Name=OPT1
Added Pin To Net: NetName=OPT2 Pin=DD2-1
Added Pin To Net: NetName=OPT2 Pin=DD5-12
Added Net: Name=OPT2
Added Pin To Net: NetName=OPT3 Pin=DD3-1
Added Pin To Net: NetName=OPT3 Pin=DD5-11
Added Net: Name=OPT3
Added Pin To Net: NetName=OPT4 Pin=DD4-1
Added Pin To Net: NetName=OPT4 Pin=DD5-10
Added Net: Name=OPT4
Added Pin To Net: NetName=PWM Pin=DD5-40
Added Pin To Net: NetName=PWM Pin=R15-2
Added Net: Name=PWM
Added Pin To Net: NetName=U_RX Pin=DD5-31
Added Pin To Net: NetName=U_RX Pin=XP4-2
Added Net: Name=U_RX
Added Pin To Net: NetName=U_TX Pin=DD5-30
Added Pin To Net: NetName=U_TX Pin=XP4-3
Added Net: Name=U_TX
Added Pin To Net: NetName=VBAT Pin=DD5-1
Added Pin To Net: NetName=VBAT Pin=XP3-1
Added Net: Name=VBAT
Added Class: Name=Sheet2
Added Room: Name=Sheet2
