Replace Part C? SMD-CAP in D:\GIT\CLOCK_STM\PCB_CLOCK_STM\Sheet1.SchDoc with SMD-CAP from GRIx4_1.SCHLIB
Replace Part C? SMD-CAP in D:\GIT\CLOCK_STM\PCB_CLOCK_STM\Sheet1.SchDoc with SMD-CAP from GRIx4_1.SCHLIB
Replace Part C? SMD-CAP in D:\GIT\CLOCK_STM\PCB_CLOCK_STM\Sheet1.SchDoc with SMD-CAP from GRIx4_1.SCHLIB
Replace Part DD? ACPL-217-500E in D:\GIT\CLOCK_STM\PCB_CLOCK_STM\Sheet1.SchDoc with ACPL-217-500E from GRIx4_1.SCHLIB
Replace Part DD? ACPL-217-500E in D:\GIT\CLOCK_STM\PCB_CLOCK_STM\Sheet1.SchDoc with ACPL-217-500E from GRIx4_1.SCHLIB
Replace Part DD? ACPL-217-500E in D:\GIT\CLOCK_STM\PCB_CLOCK_STM\Sheet1.SchDoc with ACPL-217-500E from GRIx4_1.SCHLIB
Replace Part DD? ACPL-217-500E in D:\GIT\CLOCK_STM\PCB_CLOCK_STM\Sheet1.SchDoc with ACPL-217-500E from GRIx4_1.SCHLIB
Replace Part G? R1SE-0505 in D:\GIT\CLOCK_STM\PCB_CLOCK_STM\Sheet1.SchDoc with R1SE-0505 from GRIx4_1.SCHLIB
Replace Part R? SMD-RES_1 in D:\GIT\CLOCK_STM\PCB_CLOCK_STM\Sheet1.SchDoc with SMD-RES_1 from GRIx4_1.SCHLIB
Replace Part R? SMD-RES_1 in D:\GIT\CLOCK_STM\PCB_CLOCK_STM\Sheet1.SchDoc with SMD-RES_1 from GRIx4_1.SCHLIB
Replace Part R? SMD-RES_1 in D:\GIT\CLOCK_STM\PCB_CLOCK_STM\Sheet1.SchDoc with SMD-RES_1 from GRIx4_1.SCHLIB
Replace Part R? SMD-RES_1 in D:\GIT\CLOCK_STM\PCB_CLOCK_STM\Sheet1.SchDoc with SMD-RES_1 from GRIx4_1.SCHLIB
Replace Part R? SMD-RES_1 in D:\GIT\CLOCK_STM\PCB_CLOCK_STM\Sheet1.SchDoc with SMD-RES_1 from GRIx4_1.SCHLIB
Replace Part R? SMD-RES_1 in D:\GIT\CLOCK_STM\PCB_CLOCK_STM\Sheet1.SchDoc with SMD-RES_1 from GRIx4_1.SCHLIB
Replace Part R? SMD-RES_1 in D:\GIT\CLOCK_STM\PCB_CLOCK_STM\Sheet1.SchDoc with SMD-RES_1 from GRIx4_1.SCHLIB
Replace Part R? SMD-RES_1 in D:\GIT\CLOCK_STM\PCB_CLOCK_STM\Sheet1.SchDoc with SMD-RES_1 from GRIx4_1.SCHLIB
Replace Part R? SMD-RES_1 in D:\GIT\CLOCK_STM\PCB_CLOCK_STM\Sheet1.SchDoc with SMD-RES_1 from GRIx4_1.SCHLIB
Replace Part R? SMD-RES_1 in D:\GIT\CLOCK_STM\PCB_CLOCK_STM\Sheet1.SchDoc with SMD-RES_1 from GRIx4_1.SCHLIB
Replace Part R? SMD-RES_1 in D:\GIT\CLOCK_STM\PCB_CLOCK_STM\Sheet1.SchDoc with SMD-RES_1 from GRIx4_1.SCHLIB
Replace Part R? SMD-RES_1 in D:\GIT\CLOCK_STM\PCB_CLOCK_STM\Sheet1.SchDoc with SMD-RES_1 from GRIx4_1.SCHLIB
Replace Part R? SMD-RES_1 in D:\GIT\CLOCK_STM\PCB_CLOCK_STM\Sheet1.SchDoc with SMD-RES_1 from GRIx4_1.SCHLIB
Replace Part R? SMD-RES_1 in D:\GIT\CLOCK_STM\PCB_CLOCK_STM\Sheet1.SchDoc with SMD-RES_1 from GRIx4_1.SCHLIB
Replace Part R? SMD-RES_1 in D:\GIT\CLOCK_STM\PCB_CLOCK_STM\Sheet1.SchDoc with SMD-RES_1 from GRIx4_1.SCHLIB
Replace Part R? SMD-RES_1 in D:\GIT\CLOCK_STM\PCB_CLOCK_STM\Sheet1.SchDoc with SMD-RES_1 from GRIx4_1.SCHLIB
Replace Part R? SMD-RES_1 in D:\GIT\CLOCK_STM\PCB_CLOCK_STM\Sheet1.SchDoc with SMD-RES_1 from GRIx4_1.SCHLIB
Replace Part R? SMD-RES_1 in D:\GIT\CLOCK_STM\PCB_CLOCK_STM\Sheet1.SchDoc with SMD-RES_1 from GRIx4_1.SCHLIB
Replace Part R? SMD-RES_1 in D:\GIT\CLOCK_STM\PCB_CLOCK_STM\Sheet1.SchDoc with SMD-RES_1 from GRIx4_1.SCHLIB
Replace Part R? SMD-RES_1 in D:\GIT\CLOCK_STM\PCB_CLOCK_STM\Sheet1.SchDoc with SMD-RES_1 from GRIx4_1.SCHLIB
Replace Part VT? Transistor-NPN in D:\GIT\CLOCK_STM\PCB_CLOCK_STM\Sheet1.SchDoc with Transistor-NPN from GRIx4_1.SCHLIB
Replace Part VT? Transistor-NPN in D:\GIT\CLOCK_STM\PCB_CLOCK_STM\Sheet1.SchDoc with Transistor-NPN from GRIx4_1.SCHLIB
Replace Part VT? Transistor-NPN in D:\GIT\CLOCK_STM\PCB_CLOCK_STM\Sheet1.SchDoc with Transistor-NPN from GRIx4_1.SCHLIB
Replace Part VT? Transistor-NPN in D:\GIT\CLOCK_STM\PCB_CLOCK_STM\Sheet1.SchDoc with Transistor-NPN from GRIx4_1.SCHLIB
Replace Part VT? Transistor-NPN in D:\GIT\CLOCK_STM\PCB_CLOCK_STM\Sheet1.SchDoc with Transistor-NPN from GRIx4_1.SCHLIB
Replace Part VT? Transistor-NPN in D:\GIT\CLOCK_STM\PCB_CLOCK_STM\Sheet1.SchDoc with Transistor-NPN from GRIx4_1.SCHLIB
Replace Part VT? Transistor-NPN in D:\GIT\CLOCK_STM\PCB_CLOCK_STM\Sheet1.SchDoc with Transistor-NPN from GRIx4_1.SCHLIB
Replace Part VT? Transistor-NPN in D:\GIT\CLOCK_STM\PCB_CLOCK_STM\Sheet1.SchDoc with Transistor-NPN from GRIx4_1.SCHLIB
Replace Part VT? Transistor-NPN in D:\GIT\CLOCK_STM\PCB_CLOCK_STM\Sheet1.SchDoc with Transistor-NPN from GRIx4_1.SCHLIB
Replace Part VT? Transistor-NPN in D:\GIT\CLOCK_STM\PCB_CLOCK_STM\Sheet1.SchDoc with Transistor-NPN from GRIx4_1.SCHLIB
Replace Part VT? Transistor-NPN in D:\GIT\CLOCK_STM\PCB_CLOCK_STM\Sheet1.SchDoc with Transistor-NPN from GRIx4_1.SCHLIB
Replace Part VT? Transistor-NPN in D:\GIT\CLOCK_STM\PCB_CLOCK_STM\Sheet1.SchDoc with Transistor-NPN from GRIx4_1.SCHLIB
Replace Part XP? XP2 in D:\GIT\CLOCK_STM\PCB_CLOCK_STM\Sheet1.SchDoc with XP2 from GRIx4_1.SCHLIB
Replace Part XP? XP4 in D:\GIT\CLOCK_STM\PCB_CLOCK_STM\Sheet1.SchDoc with XP4 from GRIx4_1.SCHLIB
Replace Part XP? XP4 in D:\GIT\CLOCK_STM\PCB_CLOCK_STM\Sheet1.SchDoc with XP4 from GRIx4_1.SCHLIB
Replace Part XP? XP4 in D:\GIT\CLOCK_STM\PCB_CLOCK_STM\Sheet1.SchDoc with XP4 from GRIx4_1.SCHLIB
